

*******************************************************************************
Fri Jun 20 17:08:36 2025


FIT:    data read from "data_A.txt" index 0 using 1:3
        format = x:z
        #datapoints = 400
        residuals are weighted equally (unit weight)

function used for fitting: t(x)
	t(x)=a/sqrt(x)
fitted parameters initialized with current variable values

iter      chisq       delta/lim  lambda   a            
   0 7.0258321538e-01   0.00e+00  5.07e-02    1.000000e+00
   3 3.4766703181e-04  -7.85e-07  5.07e-05    1.727892e-01

After 3 iterations the fit converged.
final sum of squares of residuals : 0.000347667
rel. change during last iteration : -7.85037e-12

degrees of freedom    (FIT_NDF)                        : 399
rms of residuals      (FIT_STDFIT) = sqrt(WSSR/ndf)    : 0.000933459
variance of residuals (reduced chisquare) = WSSR/ndf   : 8.71346e-07

Final set of parameters            Asymptotic Standard Error
=======================            ==========================
a               = 0.172789         +/- 0.0009214    (0.5333%)


*******************************************************************************
Fri Jun 20 17:12:52 2025


FIT:    data read from "data_A.txt" index 0 using 1:3
        format = x:z
        #datapoints = 400
        residuals are weighted equally (unit weight)

function used for fitting: t(x)
	t(x)=a/sqrt(x)
fitted parameters initialized with current variable values

iter      chisq       delta/lim  lambda   a            
   0 4.7642788851e-01   0.00e+00  5.07e-02    1.000000e+00
   3 9.9780568506e-04  -1.85e-07  5.07e-05    3.193590e-01

After 3 iterations the fit converged.
final sum of squares of residuals : 0.000997806
rel. change during last iteration : -1.85198e-12

degrees of freedom    (FIT_NDF)                        : 399
rms of residuals      (FIT_STDFIT) = sqrt(WSSR/ndf)    : 0.00158138
variance of residuals (reduced chisquare) = WSSR/ndf   : 2.50077e-06

Final set of parameters            Asymptotic Standard Error
=======================            ==========================
a               = 0.319359         +/- 0.001561     (0.4888%)


*******************************************************************************
Fri Jun 20 17:14:11 2025


FIT:    data read from "data_A.txt" index 0 using 1:3
        format = x:z
        #datapoints = 400
        residuals are weighted equally (unit weight)

function used for fitting: t(x)
	t(x)=a/sqrt(x)
fitted parameters initialized with current variable values

iter      chisq       delta/lim  lambda   a            
   0 4.2160906726e-01   0.00e+00  5.07e-02    1.000000e+00
   3 1.3894548543e-03  -1.18e-07  5.07e-05    3.600988e-01

After 3 iterations the fit converged.
final sum of squares of residuals : 0.00138945
rel. change during last iteration : -1.1753e-12

degrees of freedom    (FIT_NDF)                        : 399
rms of residuals      (FIT_STDFIT) = sqrt(WSSR/ndf)    : 0.0018661
variance of residuals (reduced chisquare) = WSSR/ndf   : 3.48234e-06

Final set of parameters            Asymptotic Standard Error
=======================            ==========================
a               = 0.360099         +/- 0.001842     (0.5116%)


*******************************************************************************
Fri Jun 20 17:15:41 2025


FIT:    data read from "data_A.txt" index 0 using 1:3
        format = x:z
        #datapoints = 400
        residuals are weighted equally (unit weight)

function used for fitting: t(x)
	t(x)=a/sqrt(x)
fitted parameters initialized with current variable values

iter      chisq       delta/lim  lambda   a            
   0 7.5364901098e-01   0.00e+00  5.07e-02    1.000000e+00
   3 3.9242143717e-04  -7.46e-07  5.07e-05    1.432655e-01

After 3 iterations the fit converged.
final sum of squares of residuals : 0.000392421
rel. change during last iteration : -7.46039e-12

degrees of freedom    (FIT_NDF)                        : 399
rms of residuals      (FIT_STDFIT) = sqrt(WSSR/ndf)    : 0.000991722
variance of residuals (reduced chisquare) = WSSR/ndf   : 9.83512e-07

Final set of parameters            Asymptotic Standard Error
=======================            ==========================
a               = 0.143265         +/- 0.000979     (0.6833%)


*******************************************************************************
Fri Jun 20 17:17:34 2025


FIT:    data read from "data_A.txt" index 0 using 1:3
        format = x:z
        #datapoints = 400
        residuals are weighted equally (unit weight)

function used for fitting: t(x)
	t(x)=a/sqrt(x)
fitted parameters initialized with current variable values

iter      chisq       delta/lim  lambda   a            
   0 9.4630057884e-01   0.00e+00  5.07e-02    1.000000e+00
   3 6.9546195148e-04  -5.28e-07  5.07e-05    4.009182e-02

After 3 iterations the fit converged.
final sum of squares of residuals : 0.000695462
rel. change during last iteration : -5.28459e-12

degrees of freedom    (FIT_NDF)                        : 399
rms of residuals      (FIT_STDFIT) = sqrt(WSSR/ndf)    : 0.00132023
variance of residuals (reduced chisquare) = WSSR/ndf   : 1.74301e-06

Final set of parameters            Asymptotic Standard Error
=======================            ==========================
a               = 0.0400918        +/- 0.001303     (3.251%)


*******************************************************************************
Fri Jun 20 17:21:59 2025


FIT:    data read from "data_A.txt" index 0 using 1:3
        format = x:z
        #datapoints = 400
        residuals are weighted equally (unit weight)

function used for fitting: t(x)
	t(x)=a/sqrt(x) + b
fitted parameters initialized with current variable values

iter      chisq       delta/lim  lambda   a             b            
   0 4.0565390784e+02   0.00e+00  7.08e-01    1.000000e+00   1.000000e+00
   4 1.0352747085e-03  -2.43e-07  7.08e-05    3.951312e-01  -1.393384e-03

After 4 iterations the fit converged.
final sum of squares of residuals : 0.00103527
rel. change during last iteration : -2.42797e-12

degrees of freedom    (FIT_NDF)                        : 398
rms of residuals      (FIT_STDFIT) = sqrt(WSSR/ndf)    : 0.00161282
variance of residuals (reduced chisquare) = WSSR/ndf   : 2.60119e-06

Final set of parameters            Asymptotic Standard Error
=======================            ==========================
a               = 0.395131         +/- 0.001615     (0.4088%)
b               = -0.00139338      +/- 8.183e-05    (5.872%)

correlation matrix of the fit parameters:
                a      b      
a               1.000 
b              -0.170  1.000 


*******************************************************************************
Fri Jun 20 17:24:06 2025


FIT:    data read from "data_A.txt" index 0 using 1:3
        format = x:z
        #datapoints = 400
        residuals are weighted equally (unit weight)

function used for fitting: t(x)
	t(x)=a/sqrt(x)
fitted parameters initialized with current variable values

iter      chisq       delta/lim  lambda   a            
   0 4.6221729155e-01   0.00e+00  5.07e-02    1.000000e+00
   3 9.8576433119e-04  -1.82e-07  5.07e-05    3.295996e-01

After 3 iterations the fit converged.
final sum of squares of residuals : 0.000985764
rel. change during last iteration : -1.81851e-12

degrees of freedom    (FIT_NDF)                        : 399
rms of residuals      (FIT_STDFIT) = sqrt(WSSR/ndf)    : 0.00157181
variance of residuals (reduced chisquare) = WSSR/ndf   : 2.47059e-06

Final set of parameters            Asymptotic Standard Error
=======================            ==========================
a               = 0.3296           +/- 0.001552     (0.4707%)


*******************************************************************************
Fri Jun 20 17:25:48 2025


FIT:    data read from "data_A.txt" index 0 using 1:3
        format = x:z
        #datapoints = 400
        residuals are weighted equally (unit weight)

function used for fitting: t(x)
	t(x)=a/sqrt(x)
fitted parameters initialized with current variable values

iter      chisq       delta/lim  lambda   a            
   0 6.8180320647e-01   0.00e+00  5.07e-02    1.000000e+00
   3 4.6031743781e-04  -5.75e-07  5.07e-05    1.851876e-01

After 3 iterations the fit converged.
final sum of squares of residuals : 0.000460317
rel. change during last iteration : -5.75267e-12

degrees of freedom    (FIT_NDF)                        : 399
rms of residuals      (FIT_STDFIT) = sqrt(WSSR/ndf)    : 0.00107409
variance of residuals (reduced chisquare) = WSSR/ndf   : 1.15368e-06

Final set of parameters            Asymptotic Standard Error
=======================            ==========================
a               = 0.185188         +/- 0.00106      (0.5725%)


*******************************************************************************
Mon Jun 23 10:59:51 2025


FIT:    data read from "data_A.txt" index 0 using 1:3
        format = x:z
        #datapoints = 384
        residuals are weighted equally (unit weight)

function used for fitting: t(x)
	t(x)=a/sqrt(x)
fitted parameters initialized with current variable values

iter      chisq       delta/lim  lambda   a            
   0 4.6876403340e-01   0.00e+00  5.17e-02    1.000000e+00
   3 1.1259254450e-03  -1.90e-07  5.17e-05    3.249059e-01

After 3 iterations the fit converged.
final sum of squares of residuals : 0.00112593
rel. change during last iteration : -1.90027e-12

degrees of freedom    (FIT_NDF)                        : 383
rms of residuals      (FIT_STDFIT) = sqrt(WSSR/ndf)    : 0.00171457
variance of residuals (reduced chisquare) = WSSR/ndf   : 2.93975e-06

Final set of parameters            Asymptotic Standard Error
=======================            ==========================
a               = 0.324906         +/- 0.001693     (0.521%)


*******************************************************************************
Mon Jun 23 11:02:25 2025


FIT:    data read from "data_B.txt" index 0 using 1:3
        format = x:z
        #datapoints = 400
        residuals are weighted equally (unit weight)

function used for fitting: t(x)
	t(x)=a/sqrt(x)
fitted parameters initialized with current variable values

iter      chisq       delta/lim  lambda   a            
   0 9.1172100309e-01   0.00e+00  5.07e-02    1.000000e+00
   3 5.6329813359e-04  -6.29e-07  5.07e-05    5.773825e-02

After 3 iterations the fit converged.
final sum of squares of residuals : 0.000563298
rel. change during last iteration : -6.28678e-12

degrees of freedom    (FIT_NDF)                        : 399
rms of residuals      (FIT_STDFIT) = sqrt(WSSR/ndf)    : 0.00118818
variance of residuals (reduced chisquare) = WSSR/ndf   : 1.41177e-06

Final set of parameters            Asymptotic Standard Error
=======================            ==========================
a               = 0.0577382        +/- 0.001173     (2.031%)


*******************************************************************************
Mon Jun 23 11:07:28 2025


FIT:    data read from "data_B.txt" index 0 using 1:3
        format = x:z
        #datapoints = 400
        residuals are weighted equally (unit weight)

function used for fitting: t(x)
	t(x)=a/sqrt(x)
fitted parameters initialized with current variable values

iter      chisq       delta/lim  lambda   a            
   0 8.3726493831e-01   0.00e+00  5.07e-02    1.000000e+00
   3 4.0981228480e-04  -7.94e-07  5.07e-05    9.697468e-02

After 3 iterations the fit converged.
final sum of squares of residuals : 0.000409812
rel. change during last iteration : -7.93656e-12

degrees of freedom    (FIT_NDF)                        : 399
rms of residuals      (FIT_STDFIT) = sqrt(WSSR/ndf)    : 0.00101346
variance of residuals (reduced chisquare) = WSSR/ndf   : 1.0271e-06

Final set of parameters            Asymptotic Standard Error
=======================            ==========================
a               = 0.0969747        +/- 0.001        (1.032%)


*******************************************************************************
Mon Jun 23 11:12:22 2025


FIT:    data read from "data_A.txt" index 0 using 1:3
        format = x:z
        #datapoints = 383
        residuals are weighted equally (unit weight)

function used for fitting: t(x)
	t(x)=a/sqrt(x)
fitted parameters initialized with current variable values

iter      chisq       delta/lim  lambda   a            
   0 4.4098222331e-01   0.00e+00  5.18e-02    1.000000e+00
   3 1.2080888103e-03  -1.68e-07  5.18e-05    3.453240e-01

After 3 iterations the fit converged.
final sum of squares of residuals : 0.00120809
rel. change during last iteration : -1.68272e-12

degrees of freedom    (FIT_NDF)                        : 382
rms of residuals      (FIT_STDFIT) = sqrt(WSSR/ndf)    : 0.00177835
variance of residuals (reduced chisquare) = WSSR/ndf   : 3.16254e-06

Final set of parameters            Asymptotic Standard Error
=======================            ==========================
a               = 0.345324         +/- 0.001756     (0.5084%)


*******************************************************************************
Mon Jun 23 11:20:07 2025


FIT:    data read from "data_A.txt" index 0 using 1:3
        format = x:z
        #datapoints = 384
        residuals are weighted equally (unit weight)

function used for fitting: t(x)
	t(x)=a/sqrt(x)
fitted parameters initialized with current variable values

iter      chisq       delta/lim  lambda   a            
   0 4.1669522850e-01   0.00e+00  5.17e-02    1.000000e+00
   3 1.2376606242e-03  -1.54e-07  5.17e-05    3.636842e-01

After 3 iterations the fit converged.
final sum of squares of residuals : 0.00123766
rel. change during last iteration : -1.53582e-12

degrees of freedom    (FIT_NDF)                        : 383
rms of residuals      (FIT_STDFIT) = sqrt(WSSR/ndf)    : 0.00179763
variance of residuals (reduced chisquare) = WSSR/ndf   : 3.23149e-06

Final set of parameters            Asymptotic Standard Error
=======================            ==========================
a               = 0.363684         +/- 0.001775     (0.488%)


*******************************************************************************
Mon Jun 23 11:20:12 2025


FIT:    data read from "data_A.txt" index 0 using 1:3
        format = x:z
        #datapoints = 384
        residuals are weighted equally (unit weight)

function used for fitting: t(x)
	t(x)=a/sqrt(x)
fitted parameters initialized with current variable values

iter      chisq       delta/lim  lambda   a            
   0 4.1669522850e-01   0.00e+00  5.17e-02    1.000000e+00
   3 1.2376606242e-03  -1.54e-07  5.17e-05    3.636842e-01

After 3 iterations the fit converged.
final sum of squares of residuals : 0.00123766
rel. change during last iteration : -1.53582e-12

degrees of freedom    (FIT_NDF)                        : 383
rms of residuals      (FIT_STDFIT) = sqrt(WSSR/ndf)    : 0.00179763
variance of residuals (reduced chisquare) = WSSR/ndf   : 3.23149e-06

Final set of parameters            Asymptotic Standard Error
=======================            ==========================
a               = 0.363684         +/- 0.001775     (0.488%)


*******************************************************************************
Mon Jun 23 11:25:23 2025


FIT:    data read from "data_C.txt" index 0 using 1:3
        format = x:z
        #datapoints = 400
        residuals are weighted equally (unit weight)

function used for fitting: t(x)
	t(x)=a/sqrt(x)
fitted parameters initialized with current variable values

iter      chisq       delta/lim  lambda   a            
   0 7.5776940139e-01   0.00e+00  5.07e-02    1.000000e+00
   3 5.3377852586e-04  -5.51e-07  5.07e-05    1.410057e-01

After 3 iterations the fit converged.
final sum of squares of residuals : 0.000533779
rel. change during last iteration : -5.51365e-12

degrees of freedom    (FIT_NDF)                        : 399
rms of residuals      (FIT_STDFIT) = sqrt(WSSR/ndf)    : 0.00115663
variance of residuals (reduced chisquare) = WSSR/ndf   : 1.33779e-06

Final set of parameters            Asymptotic Standard Error
=======================            ==========================
a               = 0.141006         +/- 0.001142     (0.8097%)


*******************************************************************************
Mon Jun 23 11:26:23 2025


FIT:    data read from "data_C.txt" index 0 using 1:3
        format = x:z
        #datapoints = 400
        residuals are weighted equally (unit weight)

function used for fitting: t(x)
	t(x)=a/sqrt(x)
fitted parameters initialized with current variable values

iter      chisq       delta/lim  lambda   a            
   0 7.5776940139e-01   0.00e+00  5.07e-02    1.000000e+00
   3 5.3377852586e-04  -5.51e-07  5.07e-05    1.410057e-01

After 3 iterations the fit converged.
final sum of squares of residuals : 0.000533779
rel. change during last iteration : -5.51365e-12

degrees of freedom    (FIT_NDF)                        : 399
rms of residuals      (FIT_STDFIT) = sqrt(WSSR/ndf)    : 0.00115663
variance of residuals (reduced chisquare) = WSSR/ndf   : 1.33779e-06

Final set of parameters            Asymptotic Standard Error
=======================            ==========================
a               = 0.141006         +/- 0.001142     (0.8097%)


*******************************************************************************
Mon Jun 23 11:30:49 2025


FIT:    data read from "data_C.txt" index 0 using 1:3
        format = x:z
        #datapoints = 400
        residuals are weighted equally (unit weight)

function used for fitting: t(x)
	t(x)=a/sqrt(x)
fitted parameters initialized with current variable values

iter      chisq       delta/lim  lambda   a            
   0 9.0994140384e-01   0.00e+00  5.07e-02    1.000000e+00
   3 6.0377659899e-05  -5.86e-06  5.07e-05    5.839861e-02

After 3 iterations the fit converged.
final sum of squares of residuals : 6.03777e-05
rel. change during last iteration : -5.85705e-11

degrees of freedom    (FIT_NDF)                        : 399
rms of residuals      (FIT_STDFIT) = sqrt(WSSR/ndf)    : 0.000389002
variance of residuals (reduced chisquare) = WSSR/ndf   : 1.51322e-07

Final set of parameters            Asymptotic Standard Error
=======================            ==========================
a               = 0.0583986        +/- 0.000384     (0.6575%)


*******************************************************************************
Mon Jun 23 11:31:17 2025


FIT:    data read from "data_A.txt" index 0 using 1:3
        format = x:z
        #datapoints = 383
        residuals are weighted equally (unit weight)

function used for fitting: t(x)
	t(x)=a/sqrt(x)
fitted parameters initialized with current variable values

iter      chisq       delta/lim  lambda   a            
   0 4.7326839332e-01   0.00e+00  5.18e-02    1.000000e+00
   3 1.1422109300e-03  -1.91e-07  5.18e-05    3.216706e-01

After 3 iterations the fit converged.
final sum of squares of residuals : 0.00114221
rel. change during last iteration : -1.91096e-12

degrees of freedom    (FIT_NDF)                        : 382
rms of residuals      (FIT_STDFIT) = sqrt(WSSR/ndf)    : 0.00172919
variance of residuals (reduced chisquare) = WSSR/ndf   : 2.99008e-06

Final set of parameters            Asymptotic Standard Error
=======================            ==========================
a               = 0.321671         +/- 0.001707     (0.5307%)


*******************************************************************************
Mon Jun 23 11:31:22 2025


FIT:    data read from "data_A.txt" index 0 using 1:3
        format = x:z
        #datapoints = 383
        residuals are weighted equally (unit weight)

function used for fitting: t(x)
	t(x)=a/sqrt(x)
fitted parameters initialized with current variable values

iter      chisq       delta/lim  lambda   a            
   0 4.7326839332e-01   0.00e+00  5.18e-02    1.000000e+00
   3 1.1422109300e-03  -1.91e-07  5.18e-05    3.216706e-01

After 3 iterations the fit converged.
final sum of squares of residuals : 0.00114221
rel. change during last iteration : -1.91096e-12

degrees of freedom    (FIT_NDF)                        : 382
rms of residuals      (FIT_STDFIT) = sqrt(WSSR/ndf)    : 0.00172919
variance of residuals (reduced chisquare) = WSSR/ndf   : 2.99008e-06

Final set of parameters            Asymptotic Standard Error
=======================            ==========================
a               = 0.321671         +/- 0.001707     (0.5307%)
