

*******************************************************************************
Tue Jun 24 10:33:50 2025


FIT:    data read from "out.times.data" using 1:2
        format = x:z
        #datapoints = 101
        residuals are weighted equally (unit weight)

function used for fitting: f(x)
	f(x) = a*x*x*x
fitted parameters initialized with current variable values

iter      chisq       delta/lim  lambda   a            
   0 1.4790714057e+19   0.00e+00  3.83e+08    1.000000e+00
   5 4.0918100960e-01  -1.36e-11  3.83e+07    2.103488e-09

After 5 iterations the fit converged.
final sum of squares of residuals : 0.409181
rel. change during last iteration : -1.35664e-16

degrees of freedom    (FIT_NDF)                        : 100
rms of residuals      (FIT_STDFIT) = sqrt(WSSR/ndf)    : 0.0639673
variance of residuals (reduced chisquare) = WSSR/ndf   : 0.00409181

Final set of parameters            Asymptotic Standard Error
=======================            ==========================
a               = 2.10349e-09      +/- 1.663e-11    (0.7907%)


*******************************************************************************
Tue Jun 24 10:36:36 2025


FIT:    data read from "out.times.data" using 1:2
        format = x:z
        #datapoints = 101
        residuals are weighted equally (unit weight)

function used for fitting: f(x)
	f(x) = a*x*x*x
fitted parameters initialized with current variable values

iter      chisq       delta/lim  lambda   a            
   0 1.4790714057e+19   0.00e+00  3.83e+08    1.000000e+00
   5 4.0918100960e-01  -1.36e-11  3.83e+07    2.103488e-09

After 5 iterations the fit converged.
final sum of squares of residuals : 0.409181
rel. change during last iteration : -1.35664e-16

degrees of freedom    (FIT_NDF)                        : 100
rms of residuals      (FIT_STDFIT) = sqrt(WSSR/ndf)    : 0.0639673
variance of residuals (reduced chisquare) = WSSR/ndf   : 0.00409181

Final set of parameters            Asymptotic Standard Error
=======================            ==========================
a               = 2.10349e-09      +/- 1.663e-11    (0.7907%)
